{
  "stats": {
    "suites": 1,
    "tests": 7,
    "passes": 7,
    "pending": 0,
    "failures": 0,
    "start": "2026-05-19T15:47:22.663Z",
    "end": "2026-05-19T15:47:30.110Z",
    "duration": 7447,
    "testsRegistered": 7,
    "passPercent": 100,
    "pendingPercent": 0,
    "other": 0,
    "hasOther": false,
    "skipped": 0,
    "hasSkipped": false
  },
  "results": [
    {
      "uuid": "626e36cd-402a-442b-aad2-6989d6aaa84d",
      "title": "",
      "fullFile": "cypress/e2e/registration.cy.js",
      "file": "cypress/e2e/registration.cy.js",
      "beforeHooks": [],
      "afterHooks": [],
      "tests": [],
      "suites": [
        {
          "uuid": "2a0ecf53-f4c4-46a4-b73f-a0d996c39ffd",
          "title": "Registration form validation",
          "fullFile": "",
          "file": "",
          "beforeHooks": [],
          "afterHooks": [],
          "tests": [
            {
              "title": "Should validate Name field",
              "fullTitle": "Registration form validation Should validate Name field",
              "timedOut": null,
              "duration": 1372,
              "state": "passed",
              "speed": "fast",
              "pass": true,
              "fail": false,
              "pending": false,
              "context": null,
              "code": "cy.get('#signupName').type('A').blur();\ncy.get('.invalid-feedback').should('contain', 'Name has to be from 2 to 20 characters long');\ncy.get('#signupName').clear().type('  John  ').blur();",
              "err": {},
              "uuid": "5dc145cd-8ecc-470b-a4f8-d2577df57353",
              "parentUUID": "2a0ecf53-f4c4-46a4-b73f-a0d996c39ffd",
              "isHook": false,
              "skipped": false
            },
            {
              "title": "Should validate Last name field",
              "fullTitle": "Registration form validation Should validate Last name field",
              "timedOut": null,
              "duration": 599,
              "state": "passed",
              "speed": "fast",
              "pass": true,
              "fail": false,
              "pending": false,
              "context": null,
              "code": "cy.get('#signupLastName').type('B').blur();\ncy.get('.invalid-feedback').should('contain', 'Last name has to be from 2 to 20 characters long');",
              "err": {},
              "uuid": "84ceb62c-886f-4122-b034-625da77eea0d",
              "parentUUID": "2a0ecf53-f4c4-46a4-b73f-a0d996c39ffd",
              "isHook": false,
              "skipped": false
            },
            {
              "title": "Should validate Email field",
              "fullTitle": "Registration form validation Should validate Email field",
              "timedOut": null,
              "duration": 624,
              "state": "passed",
              "speed": "fast",
              "pass": true,
              "fail": false,
              "pending": false,
              "context": null,
              "code": "cy.get('#signupEmail').type('invalidEmail').blur();\ncy.get('.invalid-feedback').should('contain', 'Email is incorrect');",
              "err": {},
              "uuid": "f80602e4-01ae-4989-afd0-bdff0dc72bfa",
              "parentUUID": "2a0ecf53-f4c4-46a4-b73f-a0d996c39ffd",
              "isHook": false,
              "skipped": false
            },
            {
              "title": "Should validate Password rules",
              "fullTitle": "Registration form validation Should validate Password rules",
              "timedOut": null,
              "duration": 581,
              "state": "passed",
              "speed": "fast",
              "pass": true,
              "fail": false,
              "pending": false,
              "context": null,
              "code": "cy.get('#signupPassword').type('123').blur();\ncy.get('.invalid-feedback').should('contain', 'Password has to be from 8 to 15 characters long');",
              "err": {},
              "uuid": "113b191b-f6ce-4097-9e20-ae80063f5a90",
              "parentUUID": "2a0ecf53-f4c4-46a4-b73f-a0d996c39ffd",
              "isHook": false,
              "skipped": false
            },
            {
              "title": "Should check password match",
              "fullTitle": "Registration form validation Should check password match",
              "timedOut": null,
              "duration": 969,
              "state": "passed",
              "speed": "fast",
              "pass": true,
              "fail": false,
              "pending": false,
              "context": null,
              "code": "cy.get('#signupPassword').type('Qwerty123');\ncy.get('#signupRepeatPassword').type('Qwerty124').blur();\ncy.get('.invalid-feedback').should('contain', 'Passwords do not match');",
              "err": {},
              "uuid": "fb08b527-64ab-4f9f-bdba-2b905515f78f",
              "parentUUID": "2a0ecf53-f4c4-46a4-b73f-a0d996c39ffd",
              "isHook": false,
              "skipped": false
            },
            {
              "title": "Should show errors for empty fields",
              "fullTitle": "Registration form validation Should show errors for empty fields",
              "timedOut": null,
              "duration": 491,
              "state": "passed",
              "speed": "fast",
              "pass": true,
              "fail": false,
              "pending": false,
              "context": null,
              "code": "cy.get('#signupName').focus().blur();\ncy.get('#signupLastName').focus().blur();\ncy.get('#signupName').should('have.class', 'is-invalid');\ncy.get('#signupLastName').should('have.class', 'is-invalid');",
              "err": {},
              "uuid": "a8249c01-0cf9-403d-a87c-ebf236af340e",
              "parentUUID": "2a0ecf53-f4c4-46a4-b73f-a0d996c39ffd",
              "isHook": false,
              "skipped": false
            },
            {
              "title": "Should register new user successfully",
              "fullTitle": "Registration form validation Should register new user successfully",
              "timedOut": null,
              "duration": 2609,
              "state": "passed",
              "speed": "fast",
              "pass": true,
              "fail": false,
              "pending": false,
              "context": null,
              "code": "cy.get('#signupName').type('John');\ncy.get('#signupLastName').type('Wick');\ncy.get('#signupEmail').type(`test${Date.now()}@mail.com`);\ncy.get('#signupPassword').type('Qwerty123');\ncy.get('#signupRepeatPassword').type('Qwerty123');\ncy.contains('Register').should('not.be.disabled').click();\ncy.contains('Sign up').should('not.exist');",
              "err": {},
              "uuid": "2577d1eb-84b8-41e7-9e8e-1c44abc12649",
              "parentUUID": "2a0ecf53-f4c4-46a4-b73f-a0d996c39ffd",
              "isHook": false,
              "skipped": false
            }
          ],
          "suites": [],
          "passes": [
            "5dc145cd-8ecc-470b-a4f8-d2577df57353",
            "84ceb62c-886f-4122-b034-625da77eea0d",
            "f80602e4-01ae-4989-afd0-bdff0dc72bfa",
            "113b191b-f6ce-4097-9e20-ae80063f5a90",
            "fb08b527-64ab-4f9f-bdba-2b905515f78f",
            "a8249c01-0cf9-403d-a87c-ebf236af340e",
            "2577d1eb-84b8-41e7-9e8e-1c44abc12649"
          ],
          "failures": [],
          "pending": [],
          "skipped": [],
          "duration": 7245,
          "root": false,
          "rootEmpty": false,
          "_timeout": 2000
        }
      ],
      "passes": [],
      "failures": [],
      "pending": [],
      "skipped": [],
      "duration": 0,
      "root": true,
      "rootEmpty": true,
      "_timeout": 2000
    }
  ],
  "meta": {
    "mocha": {
      "version": "7.2.0"
    },
    "mochawesome": {
      "options": {
        "quiet": false,
        "reportFilename": "mochawesome",
        "saveHtml": true,
        "saveJson": true,
        "consoleReporter": "spec",
        "useInlineDiffs": false,
        "code": true
      },
      "version": "7.1.4"
    },
    "marge": {
      "options": {
        "reportDir": "cypress/reports",
        "overwrite": false,
        "html": true,
        "json": true
      },
      "version": "6.3.2"
    }
  }
}