{
  "stats": {
    "suites": 1,
    "tests": 2,
    "passes": 2,
    "pending": 0,
    "failures": 0,
    "start": "2026-05-19T15:47:14.810Z",
    "end": "2026-05-19T15:47:21.921Z",
    "duration": 7111,
    "testsRegistered": 2,
    "passPercent": 100,
    "pendingPercent": 0,
    "other": 0,
    "hasOther": false,
    "skipped": 0,
    "hasSkipped": false
  },
  "results": [
    {
      "uuid": "ed30c402-7121-496e-967a-e1474f3bdba2",
      "title": "",
      "fullFile": "cypress/e2e/garage.cy.js",
      "file": "cypress/e2e/garage.cy.js",
      "beforeHooks": [],
      "afterHooks": [],
      "tests": [],
      "suites": [
        {
          "uuid": "dc00dce0-570c-42e9-abc6-16b5e3016152",
          "title": "Garage and expenses tests",
          "fullFile": "",
          "file": "",
          "beforeHooks": [],
          "afterHooks": [],
          "tests": [
            {
              "title": "Should add a new car",
              "fullTitle": "Garage and expenses tests Should add a new car",
              "timedOut": null,
              "duration": 3131,
              "state": "passed",
              "speed": "fast",
              "pass": true,
              "fail": false,
              "pending": false,
              "context": null,
              "code": "_GaragePage.default.openAddCarModal();\n_GaragePage.default.selectBrand('BMW');\n_GaragePage.default.selectModel('X5');\n_GaragePage.default.typeMileage('100');\n_GaragePage.default.clickAddButton();\ncy.contains('BMW X5');",
              "err": {},
              "uuid": "59b192b5-ed77-47ab-9e93-387ed7886b62",
              "parentUUID": "dc00dce0-570c-42e9-abc6-16b5e3016152",
              "isHook": false,
              "skipped": false
            },
            {
              "title": "Should add fuel expense",
              "fullTitle": "Garage and expenses tests Should add fuel expense",
              "timedOut": null,
              "duration": 3926,
              "state": "passed",
              "speed": "fast",
              "pass": true,
              "fail": false,
              "pending": false,
              "context": null,
              "code": "_GaragePage.default.openAddCarModal();\n_GaragePage.default.selectBrand('Audi');\n_GaragePage.default.selectModel('TT');\n_GaragePage.default.typeMileage('200');\n_GaragePage.default.clickAddButton();\n_ExpensesPage.default.openAddExpenseModal();\n_ExpensesPage.default.typeMileage('300');\n_ExpensesPage.default.typeLiters('20');\n_ExpensesPage.default.typeTotalCost('1000');\n_ExpensesPage.default.clickAddExpenseButton();\ncy.contains('20');\ncy.contains('1000');",
              "err": {},
              "uuid": "cc1b8ae1-3868-458a-b96d-f84523a15186",
              "parentUUID": "dc00dce0-570c-42e9-abc6-16b5e3016152",
              "isHook": false,
              "skipped": false
            }
          ],
          "suites": [],
          "passes": [
            "59b192b5-ed77-47ab-9e93-387ed7886b62",
            "cc1b8ae1-3868-458a-b96d-f84523a15186"
          ],
          "failures": [],
          "pending": [],
          "skipped": [],
          "duration": 7057,
          "root": false,
          "rootEmpty": false,
          "_timeout": 2000
        }
      ],
      "passes": [],
      "failures": [],
      "pending": [],
      "skipped": [],
      "duration": 0,
      "root": true,
      "rootEmpty": true,
      "_timeout": 2000
    }
  ],
  "meta": {
    "mocha": {
      "version": "7.2.0"
    },
    "mochawesome": {
      "options": {
        "quiet": false,
        "reportFilename": "mochawesome",
        "saveHtml": true,
        "saveJson": true,
        "consoleReporter": "spec",
        "useInlineDiffs": false,
        "code": true
      },
      "version": "7.1.4"
    },
    "marge": {
      "options": {
        "reportDir": "cypress/reports",
        "overwrite": false,
        "html": true,
        "json": true
      },
      "version": "6.3.2"
    }
  }
}