{
  "stats": {
    "suites": 1,
    "tests": 1,
    "passes": 0,
    "pending": 0,
    "failures": 1,
    "start": "2026-05-19T15:47:07.814Z",
    "end": "2026-05-19T15:47:13.783Z",
    "duration": 5969,
    "testsRegistered": 1,
    "passPercent": 0,
    "pendingPercent": 0,
    "other": 0,
    "hasOther": false,
    "skipped": 0,
    "hasSkipped": false
  },
  "results": [
    {
      "uuid": "779943c4-d418-4080-9009-ff4a4a253433",
      "title": "",
      "fullFile": "cypress/e2e/first-test.cy.js",
      "file": "cypress/e2e/first-test.cy.js",
      "beforeHooks": [],
      "afterHooks": [],
      "tests": [],
      "suites": [
        {
          "uuid": "631cb7b1-c9e7-489a-97df-752061559350",
          "title": "My first Cypress test",
          "fullFile": "",
          "file": "",
          "beforeHooks": [],
          "afterHooks": [],
          "tests": [
            {
              "title": "opens page using baseUrl",
              "fullTitle": "My first Cypress test opens page using baseUrl",
              "timedOut": null,
              "duration": 5935,
              "state": "failed",
              "speed": null,
              "pass": false,
              "fail": true,
              "pending": false,
              "context": null,
              "code": "cy.visit('/');\ncy.contains('Example Domain');",
              "err": {
                "message": "AssertionError: Timed out retrying after 4000ms: Expected to find content: 'Example Domain' but never did.",
                "estack": "AssertionError: Timed out retrying after 4000ms: Expected to find content: 'Example Domain' but never did.\n    at Context.eval (webpack://cypress-test-project/./cypress/e2e/first-test.cy.js:5:9)",
                "diff": null
              },
              "uuid": "47c61849-12c9-4c16-acba-944de6b79528",
              "parentUUID": "631cb7b1-c9e7-489a-97df-752061559350",
              "isHook": false,
              "skipped": false
            }
          ],
          "suites": [],
          "passes": [],
          "failures": [
            "47c61849-12c9-4c16-acba-944de6b79528"
          ],
          "pending": [],
          "skipped": [],
          "duration": 5935,
          "root": false,
          "rootEmpty": false,
          "_timeout": 2000
        }
      ],
      "passes": [],
      "failures": [],
      "pending": [],
      "skipped": [],
      "duration": 0,
      "root": true,
      "rootEmpty": true,
      "_timeout": 2000
    }
  ],
  "meta": {
    "mocha": {
      "version": "7.2.0"
    },
    "mochawesome": {
      "options": {
        "quiet": false,
        "reportFilename": "mochawesome",
        "saveHtml": true,
        "saveJson": true,
        "consoleReporter": "spec",
        "useInlineDiffs": false,
        "code": true
      },
      "version": "7.1.4"
    },
    "marge": {
      "options": {
        "reportDir": "cypress/reports",
        "overwrite": false,
        "html": true,
        "json": true
      },
      "version": "6.3.2"
    }
  }
}