{
  "stats": {
    "suites": 1,
    "tests": 2,
    "passes": 2,
    "pending": 0,
    "failures": 0,
    "start": "2026-05-19T15:47:30.782Z",
    "end": "2026-05-19T15:47:32.158Z",
    "duration": 1376,
    "testsRegistered": 2,
    "passPercent": 100,
    "pendingPercent": 0,
    "other": 0,
    "hasOther": false,
    "skipped": 0,
    "hasSkipped": false
  },
  "results": [
    {
      "uuid": "2773a17d-1408-4ce2-99d8-8ac5833c11b0",
      "title": "",
      "fullFile": "cypress/e2e/ui-elements.cy.js",
      "file": "cypress/e2e/ui-elements.cy.js",
      "beforeHooks": [],
      "afterHooks": [],
      "tests": [],
      "suites": [
        {
          "uuid": "4a7126bc-93f9-466e-95e8-1d68df77c028",
          "title": "UI Header and Footer elements",
          "fullFile": "",
          "file": "",
          "beforeHooks": [],
          "afterHooks": [],
          "tests": [
            {
              "title": "should find all header buttons",
              "fullTitle": "UI Header and Footer elements should find all header buttons",
              "timedOut": null,
              "duration": 963,
              "state": "passed",
              "speed": "fast",
              "pass": true,
              "fail": false,
              "pending": false,
              "context": null,
              "code": "cy.get('header').should('be.visible').within(() => {\n  cy.get('button').should('exist');\n  cy.get('a').should('exist');\n});",
              "err": {},
              "uuid": "4de7d1d0-aab0-4971-b4ef-458924fb614f",
              "parentUUID": "4a7126bc-93f9-466e-95e8-1d68df77c028",
              "isHook": false,
              "skipped": false
            },
            {
              "title": "should find all footer links",
              "fullTitle": "UI Header and Footer elements should find all footer links",
              "timedOut": null,
              "duration": 374,
              "state": "passed",
              "speed": "fast",
              "pass": true,
              "fail": false,
              "pending": false,
              "context": null,
              "code": "cy.get('footer').should('be.visible').within(() => {\n  cy.get('a').should('have.length.at.least', 1);\n});",
              "err": {},
              "uuid": "2e25f426-8299-450a-bd38-405313ba2c16",
              "parentUUID": "4a7126bc-93f9-466e-95e8-1d68df77c028",
              "isHook": false,
              "skipped": false
            }
          ],
          "suites": [],
          "passes": [
            "4de7d1d0-aab0-4971-b4ef-458924fb614f",
            "2e25f426-8299-450a-bd38-405313ba2c16"
          ],
          "failures": [],
          "pending": [],
          "skipped": [],
          "duration": 1337,
          "root": false,
          "rootEmpty": false,
          "_timeout": 2000
        }
      ],
      "passes": [],
      "failures": [],
      "pending": [],
      "skipped": [],
      "duration": 0,
      "root": true,
      "rootEmpty": true,
      "_timeout": 2000
    }
  ],
  "meta": {
    "mocha": {
      "version": "7.2.0"
    },
    "mochawesome": {
      "options": {
        "quiet": false,
        "reportFilename": "mochawesome",
        "saveHtml": true,
        "saveJson": true,
        "consoleReporter": "spec",
        "useInlineDiffs": false,
        "code": true
      },
      "version": "7.1.4"
    },
    "marge": {
      "options": {
        "reportDir": "cypress/reports",
        "overwrite": false,
        "html": true,
        "json": true
      },
      "version": "6.3.2"
    }
  }
}